wrote round 0001 to data/0001
 Container autoresearch-strategies-pi-run-fa6a008582e7 Creating 
 Container autoresearch-strategies-pi-run-fa6a008582e7 Created 
Using CPython 3.13.5 interpreter at: /usr/bin/python3
Creating virtual environment at: .venv
Resolved 1 package in 1ms
Checked in 0.01ms
分析結果如下：

**既有實驗分析 (Round 0001)：**
- **年化報酬 (Annualized Return):** 11.8%
- **最大回撤 (Max Drawdown):** -29.6% (發生於 2007-10-11 至 2008-11-20)
- **夏普比率 (Sharpe):** 0.84
- **平均曝險 (Average Exposure):** 73.6%
- **交易次數 (Trade Count):** 95
- **綜合分數 (Composite Score):** -0.188

**分析與調整方向：**
目前的回撤較深（約 30%），且綜合分數為負值，顯示風險控制不足。為了降低回撤，我決定收緊風控參數。`vol_cut` 目前為 0.2，將其調高至 0.3 以在波動劇烈時更果斷地降低曝險。

**參數變更：**
- `vol_cut`: 0.2 $\rightarrow$ 0.3 (其他參數保持與 Round 0001 一致)

已將下一輪參數寫入 `./data/next_params.json`。
wrote round 0002 to data/0002
 Container autoresearch-strategies-pi-run-38098b56fb0c Creating 
 Container autoresearch-strategies-pi-run-38098b56fb0c Created 
Using CPython 3.13.5 interpreter at: /usr/bin/python3
Creating virtual environment at: .venv
Resolved 1 package in 0.86ms
Checked in 0.00ms
分析結果如下：

1.  **實驗對比**：
    *   **Round 0001** (`vol_cut`: 0.2)：年化報酬 11.84%，最大回撤 -29.56%，Sharpe 0.8425，綜合分數 -0.1880。
    *   **Round 0002** (`vol_cut`: 0.3)：年化報酬 11.59%，最大回撤 -26.69%，Sharpe 0.8529，綜合分數 -0.1597。

2.  **分析結論**：
    *   將 `vol_cut` 從 0.2 提高到 0.3 成功降低了最大回撤（-29.6% $\rightarrow$ -26.7%）並提升了 Sharpe Ratio 與綜合分數，儘管年化報酬略微下降。
    *   這顯示收緊波動率控制能有效改善風險調整後績效。

3.  **下一輪策略**：
    *   基準輪次：Round 0002。
    *   調整方向：繼續嘗試提高 `vol_cut` 以進一步降低回撤並優化綜合分數。
    *   參數修改：`vol_cut`: 0.3 $\rightarrow$ 0.4。

已將參數寫入 `data/next_params.json`。
wrote round 0003 to data/0003
 Container autoresearch-strategies-pi-run-703b2a5478de Creating 
 Container autoresearch-strategies-pi-run-703b2a5478de Created 
Using CPython 3.13.5 interpreter at: /usr/bin/python3
Creating virtual environment at: .venv
Resolved 1 package in 1ms
Checked in 0.01ms
分析結果如下：

1. **實驗趨勢分析**：
   - **Round 0001** (`vol_cut: 0.2`): Ann Return 11.8%, MaxDD -29.6%, Sharpe 0.84, Composite Score -0.188
   - **Round 0002** (`vol_cut: 0.3`): Ann Return 11.6%, MaxDD -26.7%, Sharpe 0.85, Composite Score -0.160
   - **Round 0003** (`vol_cut: 0.4`): Ann Return 11.3%, MaxDD -25.1%, Sharpe 0.85, Composite Score -0.148

2. **關鍵觀察**：
   - 隨著 `vol_cut` 提高（收緊風控），年化報酬率略微下降，但最大回撤（MaxDD）顯著改善，且綜合評分（Composite Score）持續上升。
   - 改善幅度在 0.3 $\rightarrow$ 0.4 階段有所放緩（Score 提升 0.012 vs 0.2 $\rightarrow$ 0.3 提升 0.028），顯示回報與風險的權衡趨向邊際遞減。

3. **下一輪策略**：
   - 由於 `vol_cut` 的方向依然有效，且目前回撤仍有優化空間，決定繼續嘗試小幅提高 `vol_cut` 至 `0.5`，以確認是否能進一步提升風險調整後收益。
   - 其他參數維持 Round 0003 的基準值。

已將下一輪參數寫入 `data/next_params.json`：
```json
{
  "ma_months": 10,
  "momentum_months": 12,
  "high_weight": 1.0,
  "mid_weight": 0.7,
  "low_weight": 0.3,
  "vol_cut": 0.5
}
```
wrote round 0004 to data/0004
 Container autoresearch-strategies-pi-run-3bb3c87af422 Creating 
 Container autoresearch-strategies-pi-run-3bb3c87af422 Created 
Using CPython 3.13.5 interpreter at: /usr/bin/python3
Creating virtual environment at: .venv
Resolved 1 package in 0.95ms
Checked in 0.00ms
分析結果如下：

1. **趨勢觀察**：
   - 從輪次 0002 $\rightarrow$ 0003 $\rightarrow$ 0004，`vol_cut` 逐步提高（$0.3 \rightarrow 0.4 \rightarrow 0.5$）。
   - **回撤 (Max Drawdown)**：明顯改善（$-26.6\% \rightarrow -25.1\% \rightarrow -24.1\%$）。
   - **年化報酬 (Ann. Return)**：輕微下降（$11.5\% \rightarrow 11.2\% \rightarrow 10.9\%$）。
   - **綜合分數 (Composite Score)**：持續提升（$-0.159 \rightarrow -0.148 \rightarrow -0.142$），顯示目前降低回撤帶來的收益大於報酬的損失。
   - **夏普比率 (Sharpe)**：維持在 $0.85$ 左右，表現穩定。

2. **策略調整**：
   - 目前方向證明提高風控門檻（`vol_cut`）能有效優化綜合績效。
   - 決定以輪次 0004 為基準，繼續嘗試將 `vol_cut` 提高至 `0.6`，觀察是否能進一步降低回撤並提升綜合分數，或是否已達到邊際效用遞減點。

3. **執行結果**：
   - 已將參數寫入 `data/next_params.json`，僅修改 `vol_cut: 0.6`。
wrote round 0005 to data/0005
 Container autoresearch-strategies-pi-run-55a1effe2495 Creating 
 Container autoresearch-strategies-pi-run-55a1effe2495 Created 
Using CPython 3.13.5 interpreter at: /usr/bin/python3
Creating virtual environment at: .venv
Resolved 1 package in 0.88ms
Checked in 0.00ms
分析結果如下：

1. **趨勢觀察**：
   - 從輪次 0003 $\rightarrow$ 0004 $\rightarrow$ 0005，`vol_cut` 逐步提高 (0.4 $\rightarrow$ 0.5 $\rightarrow$ 0.6)。
   - **正面影響**：最大回撤 (Max Drawdown) 持續改善 (-25.1% $\rightarrow$ -24.2% $\rightarrow$ -23.6%)，且 `composite_score` 持續上升 (-0.148 $\rightarrow$ -0.142 $\rightarrow$ -0.141)。
   - **負面影響**：年化報酬率 (Annualized Return) 逐步下降 (11.26% $\rightarrow$ 10.92% $\rightarrow$ 10.57%)，平均曝險度 (Average Exposure) 同時降低 (0.68 $\rightarrow$ 0.66 $\rightarrow$ 0.64)。
   - **邊際效應**：分數的改善速度在 0005 輪次明顯放緩，顯示單純提高 `vol_cut` 的收益在遞減。

2. **策略調整方向**：
   - 輪次 0005 目前擁有最佳的分數與最低回撤，但報酬率有所犧牲。
   - 為了在維持風控（`vol_cut: 0.6`）的同時找回部分報酬率，我決定以 0005 為基準，微調**放鬆**訊號較弱時的權重，將 `low_weight` 從 `0.3` 提高到 `0.4`。這將增加在低信心區間的曝險，期望能提升總報酬。

3. **參數選擇**：
   - 基準輪次：0005
   - 修改項：`low_weight`: $0.3 \rightarrow 0.4$
   - 其餘參數保持不變。

已將下一輪參數寫入 `./data/next_params.json`。
wrote round 0006 to data/0006
 Container autoresearch-strategies-pi-run-56217706bafd Creating 
 Container autoresearch-strategies-pi-run-56217706bafd Created 
Using CPython 3.13.5 interpreter at: /usr/bin/python3
Creating virtual environment at: .venv
Resolved 1 package in 0.87ms
Checked in 0.00ms
分析結果如下：

1.  **數據分析**：
    *   **Round 0005** 表現最佳，擁有最高綜合得分 (`composite_score`: -0.1411) 與最低最大回撤 (`max_drawdown`: -0.2363)，但年化報酬率 (0.1058) 較低。
    *   **Round 0004** (`vol_cut`: 0.5) 報酬率較高 (0.1093) 但回撤也隨之增加 (-0.2418)。
    *   **Round 0006** 嘗試將 `low_weight` 從 0.3 提高到 0.4 (在 `vol_cut`: 0.6 下)，雖然報酬率回升至 0.1078，但最大回撤惡化至 -0.2500，導致綜合得分下降。

2.  **參數調整策略**：
    *   選擇 **Round 0005** 作為基準輪次，以保留其低回撤的特性。
    *   為了在不大幅增加回撤的情況下提升報酬，決定將 `mid_weight` 從 **0.7** 提高至 **0.8**，而非調整 `low_weight`（因 0006 證明調整 `low_weight` 對回撤影響較大）。

3.  **執行結果**：
    已將調整後的參數寫入 `data/next_params.json`：
    *   `vol_cut`: 0.6 (維持)
    *   `mid_weight`: 0.8 (增加)
    *   `low_weight`: 0.3 (維持)
wrote round 0007 to data/0007
 Container autoresearch-strategies-pi-run-626bc1c909b0 Creating 
 Container autoresearch-strategies-pi-run-626bc1c909b0 Created 
Using CPython 3.13.5 interpreter at: /usr/bin/python3
Creating virtual environment at: .venv
Resolved 1 package in 0.89ms
Checked in 0.00ms
分析結果如下：

1. **績效比較**：
   - 輪次 **0005** 擁有最高綜合分數 (`composite_score`: -0.141) 與最低最大回撤 (`max_drawdown`: -0.236)，雖然其年化報酬率 (10.57%) 略低於其他輪次，但風險控制最佳。
   - 輪次 **0003** 年化報酬率最高 (11.26%)，但回撤較高 (-0.251)。
   - 輪次 **0004** 處於兩者之間 (`vol_cut` 為 0.5)。

2. **參數分析**：
   - 比較 0005 與 0006：將 `low_weight` 從 0.3 提高到 0.4 $\rightarrow$ 分數下降，回撤增加。
   - 比較 0005 與 0007：將 `mid_weight` 從 0.7 提高到 0.8 $\rightarrow$ 分數下降，回撤增加。
   - 這顯示在目前的配置下，提高低/中權重會增加風險且無法顯著提升綜合評價。

3. **策略調整**：
   - 以 **0005** 為基準輪次。
   - 既然提高 `low_weight` 效果不佳，嘗試將其**降低**至 `0.2`，以進一步減少在低動能資產上的曝險，嘗試優化風險調整後報酬。

已將下一輪參數寫入 `./data/next_params.json`：
```json
{
  "ma_months": 10,
  "momentum_months": 12,
  "high_weight": 1.0,
  "mid_weight": 0.7,
  "low_weight": 0.2,
  "vol_window_short": 20,
  "vol_window_long": 60,
  "vol_lookback": 252,
  "vol_quantile": 0.8,
  "vol_cut": 0.6,
  "trading_days": 252
}
```
wrote round 0008 to data/0008
 Container autoresearch-strategies-pi-run-ae9d49a8df94 Creating 
 Container autoresearch-strategies-pi-run-ae9d49a8df94 Created 
Using CPython 3.13.5 interpreter at: /usr/bin/python3
Creating virtual environment at: .venv
Resolved 1 package in 0.97ms
Checked in 0.00ms
根據 `AGENTS.md` 的分析流程，我對既有的實驗結果進行了分析：

### 1. 結果分析
從 `analyze_results.py` 的輸出中，我比較了最近幾輪的表現：

| 輪次 | Composite Score | Annual Return | Max Drawdown | Sharpe | Params (`mid`, `low`, `vol_cut`) |
| :--- | :--- | :--- | :--- | :--- | :--- |
| 0004 | -0.1423 | 0.1092 | -0.2418 | 0.8519 | (0.7, 0.3, 0.5) |
| 0005 | **-0.1410** | 0.1057 | **-0.2363** | 0.8444 | (0.7, 0.3, 0.6) |
| 0006 | -0.1510 | 0.1078 | -0.2500 | 0.8516 | (0.7, 0.4, 0.6) |
| 0007 | -0.1509 | 0.1084 | -0.2492 | 0.8482 | (0.8, 0.3, 0.6) |
| 0008 | -0.1441 | 0.1037 | **-0.2363** | 0.8349 | (0.7, 0.2, 0.6) |

**關鍵發現：**
- **輪次 0005** 擁有目前最好的 `composite_score` (-0.1410) 以及最低的回撤 (-0.2363)。
- **比較 0004 與 0005**：兩者僅 `vol_cut` 不同（0.5 vs 0.6）。增加 `vol_cut` 到 0.6 雖然稍微降低了年化報酬，但顯著降低了回撤並提升了綜合分數。
- **比較 0005 與 0008**：降低 `low_weight` 從 0.3 到 0.2 並未改善回撤，反而降低了報酬與分數。
- **比較 0005 與 0007**：提高 `mid_weight` 到 0.8 導致綜合分數惡化。

### 2. 參數選擇
基於上述分析，**輪次 0005** 是最佳的基準輪次。由於增加 `vol_cut` 有助於降低回撤並提升分數，我決定嘗試進一步收緊風控，將 `vol_cut` 從 0.6 提高到 **0.7**，以觀察是否能進一步優化績效。

### 3. 輸出
我已將下一輪參數寫入 `./data/next_params.json`：

```json
{
  "ma_months": 10,
  "momentum_months": 12,
  "high_weight": 1.0,
  "mid_weight": 0.7,
  "low_weight": 0.3,
  "vol_cut": 0.7,
  "vol_window_short": 20,
  "vol_window_long": 60,
  "vol_lookback": 252,
  "vol_quantile": 0.8,
  "trading_days": 252
}
```
wrote round 0009 to data/0009
 Container autoresearch-strategies-pi-run-e1d9960e80cc Creating 
 Container autoresearch-strategies-pi-run-e1d9960e80cc Created 
Using CPython 3.13.5 interpreter at: /usr/bin/python3
Creating virtual environment at: .venv
Resolved 1 package in 1ms
Checked in 0.01ms
分析結果顯示，輪次 `0009` 的綜合分數 (`composite_score`: -0.1409) 最高，其主要優勢在於較低的最大回撤 (-0.236) 與適中的交易次數 (90次)，雖然年化報酬率 (10.2%) 略低於 `0007` (10.8%)。

為了在維持 `0009` 風控水準的同時嘗試提升報酬，我選擇 `0009` 作為基準輪次，並稍微放鬆風控參數，將 `low_weight` 從 `0.3` 提高至 `0.4`，以增加在低信心訊號時的曝險程度。

下一輪參數已寫入 `data/next_params.json`：
- `ma_months`: 10
- `momentum_months`: 12
- `high_weight`: 1.0
- `mid_weight`: 0.7
- `low_weight`: 0.4
- `vol_cut`: 0.7
- (其餘風控參數維持 `0009` 設定)
wrote round 0010 to data/0010
+ uv run python trading_strategy.py --data-dir data --round 1
composite_score=-0.187967 best=-0.187967 stale_rounds=0
+ docker compose run --rm pi
+ uv run python trading_strategy.py --data-dir data --round 2 --ma-months 10 --momentum-months 12 --high-weight 1.0 --mid-weight 0.7 --low-weight 0.3 --vol-window-short 20 --vol-window-long 60 --vol-lookback 252 --vol-quantile 0.8 --vol-cut 0.3 --trading-days 252
composite_score=-0.159703 best=-0.159703 stale_rounds=0
+ docker compose run --rm pi
+ uv run python trading_strategy.py --data-dir data --round 3 --ma-months 10 --momentum-months 12 --high-weight 1.0 --mid-weight 0.7 --low-weight 0.3 --vol-cut 0.4
composite_score=-0.148371 best=-0.148371 stale_rounds=0
+ docker compose run --rm pi
+ uv run python trading_strategy.py --data-dir data --round 4 --ma-months 10 --momentum-months 12 --high-weight 1.0 --mid-weight 0.7 --low-weight 0.3 --vol-cut 0.5
composite_score=-0.142370 best=-0.142370 stale_rounds=0
+ docker compose run --rm pi
+ uv run python trading_strategy.py --data-dir data --round 5 --ma-months 10 --momentum-months 12 --high-weight 1.0 --mid-weight 0.7 --low-weight 0.3 --vol-window-short 20 --vol-window-long 60 --vol-lookback 252 --vol-quantile 0.8 --vol-cut 0.6 --trading-days 252
composite_score=-0.141095 best=-0.141095 stale_rounds=0
+ docker compose run --rm pi
+ uv run python trading_strategy.py --data-dir data --round 6 --ma-months 10 --momentum-months 12 --high-weight 1.0 --mid-weight 0.7 --low-weight 0.4 --vol-window-short 20 --vol-window-long 60 --vol-lookback 252 --vol-quantile 0.8 --vol-cut 0.6 --trading-days 252
composite_score=-0.151059 best=-0.141095 stale_rounds=1
+ docker compose run --rm pi
+ uv run python trading_strategy.py --data-dir data --round 7 --ma-months 10 --momentum-months 12 --high-weight 1.0 --mid-weight 0.8 --low-weight 0.3 --vol-window-short 20 --vol-window-long 60 --vol-lookback 252 --vol-quantile 0.8 --vol-cut 0.6 --trading-days 252
composite_score=-0.150978 best=-0.141095 stale_rounds=2
+ docker compose run --rm pi
+ uv run python trading_strategy.py --data-dir data --round 8 --ma-months 10 --momentum-months 12 --high-weight 1.0 --mid-weight 0.7 --low-weight 0.2 --vol-window-short 20 --vol-window-long 60 --vol-lookback 252 --vol-quantile 0.8 --vol-cut 0.6 --trading-days 252
composite_score=-0.144117 best=-0.141095 stale_rounds=3
+ docker compose run --rm pi
+ uv run python trading_strategy.py --data-dir data --round 9 --ma-months 10 --momentum-months 12 --high-weight 1.0 --mid-weight 0.7 --low-weight 0.3 --vol-cut 0.7 --vol-window-short 20 --vol-window-long 60 --vol-lookback 252 --vol-quantile 0.8 --trading-days 252
composite_score=-0.140973 best=-0.141095 stale_rounds=4
+ docker compose run --rm pi
+ uv run python trading_strategy.py --data-dir data --round 10 --ma-months 10 --momentum-months 12 --high-weight 1.0 --mid-weight 0.7 --low-weight 0.4 --vol-window-short 20 --vol-window-long 60 --vol-lookback 252 --vol-quantile 0.8 --vol-cut 0.7 --trading-days 252
composite_score=-0.143053 best=-0.141095 stale_rounds=5
stop: no composite_score improvement above 0.001 for 5 rounds
