$ uv run python research.py 
+ uv run python trading_strategy.py --data-dir data --round 1
wrote round 0001 to data/0001
composite_score=-0.187967 best=-0.187967 stale_rounds=0
+ docker compose run --rm pi
[+]  1/1te 1/1
 ✔ Network autoresearch-strategies_default Created                                                                                                     0.0s
Container autoresearch-strategies-pi-run-f3f9116346ed Creating 
Container autoresearch-strategies-pi-run-f3f9116346ed Created 
Using CPython 3.13.5 interpreter at: /usr/bin/python3
Creating virtual environment at: .venv
Resolved 1 package in 0.96ms
Checked in 0.01ms
分析結果如下：

1.  **既有結果分析**：
    *   目前僅有一輪實驗（0001）。
    *   **績效**：年化報酬率 $\text{annualized\_return} = 11.84\%$，最大回撤 $\text{max\_drawdown} = -29.56\%$（發生於 2008 年金融海嘯），夏普比率 $\text{sharpe} = 0.84$。
    *   **曝險與交易**：平均曝險 $73.6\%$，交易次數 95 次，分布均勻。
    *   **評價**：作為基準輪次，報酬率尚可但回撤較深。

2.  **參數調整方向**：
    *   由於目前只有一輪且報酬率有提升空間，我決定嘗試**增加曝險**以尋求更高報酬。
    *   將 `low_weight` 從 $0.3 \rightarrow 0.5$，`mid_weight` 從 $0.7 \rightarrow 0.8$。
    *   保持 `vol_cut` 與趨勢參數不變，驗證增加低/中權重是否能在不顯著惡化回撤的情況下提高年化報酬。

3.  **執行動作**：
    *   更新 `data/0001/summary.txt` 的觀察分析。
    *   將下一輪參數寫入 `data/next_params.json`。

**下一輪參數：**
```json
{
  "ma_months": 10,
  "momentum_months": 12,
  "high_weight": 1.0,
  "mid_weight": 0.8,
  "low_weight": 0.5,
  "vol_cut": 0.2
}
```
+ uv run python trading_strategy.py --data-dir data --round 2 --ma-months 10 --momentum-months 12 --high-weight 1.0 --mid-weight 0.8 --low-weight 0.5 --vol-cut 0.2
wrote round 0002 to data/0002
composite_score=-0.254305 best=-0.187967 stale_rounds=1
+ docker compose run --rm pi
Container autoresearch-strategies-pi-run-34b30fa39d13 Creating 
Container autoresearch-strategies-pi-run-34b30fa39d13 Created 
Using CPython 3.13.5 interpreter at: /usr/bin/python3
Creating virtual environment at: .venv
Resolved 1 package in 0.85ms
Checked in 0.00ms
分析結果如下：

1. **結果對比**：
   - **輪次 0001**：年化報酬 11.84%，最大回撤 -29.56%，Sharpe 0.84。
   - **輪次 0002**：年化報酬 12.33%，最大回撤 -36.74%，Sharpe 0.84。
   - **觀察**：0002 輪次透過提高 `mid_weight` (0.7 $\to$ 0.8) 與 `low_weight` (0.3 $\to$ 0.5) 提升了報酬，但導致最大回撤顯著惡化（增加約 7.2%），主要集中在 2008 年金融海嘯期間。報酬的微幅增加不足以抵消風險的增加。

2. **策略調整**：
   - 以 0002 輪次為基準（維持較高的報酬潛力）。
   - 為了控制回撤，嘗試提高 `vol_cut` 從 `0.2` $\to$ `0.25`，以在高波動期間更果斷地降低曝險。

3. **執行動作**：
   - 更新 `data/0002/summary.txt` 記錄風險權衡觀察。
   - 寫入 `data/next_params.json` 設定下一輪參數。

**下一輪參數**：
```json
{
  "ma_months": 10,
  "momentum_months": 12,
  "high_weight": 1.0,
  "mid_weight": 0.8,
  "low_weight": 0.5,
  "vol_cut": 0.25
}
```
+ uv run python trading_strategy.py --data-dir data --round 3 --ma-months 10 --momentum-months 12 --high-weight 1.0 --mid-weight 0.8 --low-weight 0.5 --vol-cut 0.25
wrote round 0003 to data/0003
composite_score=-0.241728 best=-0.187967 stale_rounds=2
+ docker compose run --rm pi
Container autoresearch-strategies-pi-run-051b90fc4277 Creating 
Container autoresearch-strategies-pi-run-051b90fc4277 Created 
Using CPython 3.13.5 interpreter at: /usr/bin/python3
Creating virtual environment at: .venv
Resolved 1 package in 0.85ms
Checked in 0.00ms
I have analyzed the experimental results for rounds 0001 to 0003.

**Analysis Summary:**
- **Round 0001 (Baseline):** `ann=11.84%`, `dd=-29.56%`.
- **Round 0002:** Increased exposure (`mid_weight: 0.8, low_weight: 0.5`), resulting in the best return (`ann=12.33%`) but also the worst drawdown (`dd=-36.74%`).
- **Round 0003:** Increased `vol_cut` to 0.25 to mitigate risk, which improved the drawdown (`dd=-35.35%`) and Sharpe ratio, but slightly decreased the return (`ann=12.22%`).

The current trend is that increasing `vol_cut` effectively reduces risk but costs some return. To recover the return while maintaining the risk control gained in Round 0003, I have decided to slightly increase the weights for mid and low momentum assets.

**Changes made:**
1.  Updated `data/0003/summary.txt` with detailed observations.
2.  Set `data/next_params.json` based on Round 0003, with `mid_weight` increased to **0.85** and `low_weight` increased to **0.55**, keeping `vol_cut` at **0.25**.

```json
{
  "ma_months": 10,
  "momentum_months": 12,
  "high_weight": 1.0,
  "mid_weight": 0.85,
  "low_weight": 0.55,
  "vol_cut": 0.25
}
```
+ uv run python trading_strategy.py --data-dir data --round 4 --ma-months 10 --momentum-months 12 --high-weight 1.0 --mid-weight 0.85 --low-weight 0.55 --vol-cut 0.25
wrote round 0004 to data/0004
composite_score=-0.260850 best=-0.187967 stale_rounds=3
+ docker compose run --rm pi
Container autoresearch-strategies-pi-run-b6444440ba0c Creating 
Container autoresearch-strategies-pi-run-b6444440ba0c Created 
Using CPython 3.13.5 interpreter at: /usr/bin/python3
Creating virtual environment at: .venv
Resolved 1 package in 1ms
Checked in 0.01ms
分析結果如下：

1.  **績效觀察**：
    *   **輪次 0004** 目前擁有最高年化報酬 (12.40%)，但最大回撤也最高 (-37.41%)，回撤發生在 2007-2008 年間。
    *   **輪次 0003** 雖然報酬略低 (12.22%)，但回撤較小 (-35.35%)，且 Sharpe 比值最高 (0.845)。
    *   **趨勢**：增加 `mid_weight` 與 `low_weight` (0003 $\rightarrow$ 0004) 能顯著提升報酬，但會增加回撤。提高 `vol_cut` (0002 $\rightarrow$ 0003) 能降低回撤但會微幅犧牲報酬。

2.  **決策邏輯**：
    *   選擇 **0004** 作為基準輪次，因為其報酬領先且交易次數 (95次) 與曝險 (78.3%) 均在可接受範圍內。
    *   **假設**：繼續適度提高權重可能能進一步突破報酬上限。若下一輪回撤惡化過快，則後續將考慮調高 `vol_cut` 進行對沖。

3.  **執行動作**：
    *   更新 `data/0004/summary.txt` 記錄分析結果。
    *   將 `mid_weight` 從 0.85 $\rightarrow$ 0.9，`low_weight` 從 0.55 $\rightarrow$ 0.6，其餘參數維持 0004 設定，寫入 `data/next_params.json`。

**下一輪參數設定：**
```json
{
  "ma_months": 10,
  "momentum_months": 12,
  "high_weight": 1.0,
  "mid_weight": 0.9,
  "low_weight": 0.6,
  "vol_cut": 0.25
}
```
+ uv run python trading_strategy.py --data-dir data --round 5 --ma-months 10 --momentum-months 12 --high-weight 1.0 --mid-weight 0.9 --low-weight 0.6 --vol-cut 0.25
wrote round 0005 to data/0005
composite_score=-0.279689 best=-0.187967 stale_rounds=4
+ docker compose run --rm pi
Container autoresearch-strategies-pi-run-89e4580a35fd Creating 
Container autoresearch-strategies-pi-run-89e4580a35fd Created 
Using CPython 3.13.5 interpreter at: /usr/bin/python3
Creating virtual environment at: .venv
Resolved 1 package in 1ms
Checked in 0.01ms
分析結果如下：

1. **績效分析**：
   - 最近五輪實驗中，輪次 `0005` 獲得最高年化報酬率 (**12.58%**) 與總報酬 (12.30)。
   - 隨著曝險權重（`mid_weight` 從 0.8 $\to$ 0.9, `low_weight` 從 0.5 $\to$ 0.6）的增加，報酬率確實有所提升，但最大回撤也同步惡化（`-35.35%` $\to$ `-39.42%`），且 Sharpe 比率略微下降。
   - 報酬的增加幅度（約 0.38%）遠小於回撤的增加幅度（約 4.07%），顯示單純提高權重以增加曝險已進入邊際效益遞減區，且風險增加過快。

2. **策略調整方向**：
   - 以 `0005` 作為基準輪次，因為其報酬表現最好。
   - 根據 `AGENTS.md` 指示，在報酬增加但回撤明顯惡化時應「收緊相關參數」。
   - 下一輪將嘗試提高 `vol_cut` 從 `0.25` $\to$ `0.30`。目標是在維持較高權重帶來的報酬潛力的同時，在高波動期間更果斷地降低曝險，以緩解最大回撤。

3. **執行動作**：
   - 更新 `data/0005/summary.txt` 記錄觀察與假設。
   - 將下一輪參數寫入 `data/next_params.json`。

**下一輪參數：**
```json
{
  "ma_months": 10,
  "momentum_months": 12,
  "high_weight": 1.0,
  "mid_weight": 0.9,
  "low_weight": 0.6,
  "vol_cut": 0.3
}
```
+ uv run python trading_strategy.py --data-dir data --round 6 --ma-months 10 --momentum-months 12 --high-weight 1.0 --mid-weight 0.9 --low-weight 0.6 --vol-cut 0.3
wrote round 0006 to data/0006
composite_score=-0.266610 best=-0.187967 stale_rounds=5
stop: no composite_score improvement above 0.001 for 5 rounds